{"obj": {"type": "AssignString", "path": ["sys", "name"], "value": "Untitled"}, "version": 1}
{"obj": {"type": "AssignString", "path": ["sys", "description"], "value": ""}, "version": 2}
{"obj": {"type": "AssignString", "path": ["monitoring", "c250b956", "hostname"], "value": "DESKTOP-3ELLJST"}, "version": 3}
{"obj": {"type": "AssignString", "path": ["sys", "hostname"], "value": "DESKTOP-3ELLJST"}, "version": 4}
{"obj": {"type": "AssignString", "path": ["monitoring", "c250b956", "pid"], "value": "19904"}, "version": 5}
{"obj": {"type": "AssignString", "path": ["monitoring", "c250b956", "tid"], "value": "30452"}, "version": 6}
{"obj": {"type": "AssignBool", "path": ["sys", "failed"], "value": false}, "version": 7}
{"obj": {"type": "ClearStringLog", "path": ["monitoring", "c250b956", "stdout"]}, "version": 8}
{"obj": {"type": "ClearStringLog", "path": ["monitoring", "c250b956", "stderr"]}, "version": 9}
{"obj": {"type": "AssignString", "path": ["source_code", "entrypoint"], "value": "trainning_script.py"}, "version": 10}
{"obj": {"type": "UploadFileSet", "path": ["source_code", "files"], "file_globs": ["C:\\Users\\offir\\repos\\pSTS_through_unsupervised_learning\\trainning_script.py"], "reset": "False"}, "version": 11}
{"obj": {"type": "UploadFile", "path": ["source_code", "diff"], "ext": "patch", "file_path": null, "tmp_file_name": "source_code_diff-1690443998.740322-2023-07-27_10.46.38.740322.patch", "clean_after_upload": false}, "version": 12}
{"obj": {"type": "LogStrings", "path": ["monitoring", "c250b956", "stderr"], "values": [{"value": "Info (NVML): NVML Shared Library Not Found. GPU usage metrics may not be reported. For more information, see https://docs.neptune.ai/help/nvml_error/\n", "step": null, "ts": 1690443998.7512274}]}, "version": 13}
{"obj": {"type": "ConfigFloatSeries", "path": ["monitoring", "c250b956", "cpu"], "min": 0.0, "max": 100.0, "unit": "%"}, "version": 14}
{"obj": {"type": "ClearFloatLog", "path": ["monitoring", "c250b956", "cpu"]}, "version": 15}
{"obj": {"type": "ConfigFloatSeries", "path": ["monitoring", "c250b956", "memory"], "min": 0.0, "max": 7.789279937744141, "unit": "GB"}, "version": 16}
{"obj": {"type": "ClearFloatLog", "path": ["monitoring", "c250b956", "memory"]}, "version": 17}
{"obj": {"type": "LogFloats", "path": ["monitoring", "c250b956", "cpu"], "values": [{"value": 26.7, "step": null, "ts": 1690443998.7522914}]}, "version": 18}
{"obj": {"type": "LogFloats", "path": ["monitoring", "c250b956", "memory"], "values": [{"value": 7.142017364501953, "step": null, "ts": 1690443998.7522914}]}, "version": 19}
{"obj": {"type": "LogStrings", "path": ["monitoring", "c250b956", "stdout"], "values": [{"value": "EPOCH 1:", "step": null, "ts": 1690443998.7622638}]}, "version": 20}
{"obj": {"type": "LogStrings", "path": ["monitoring", "c250b956", "stdout"], "values": [{"value": "\n", "step": null, "ts": 1690443998.7622638}]}, "version": 21}
{"obj": {"type": "LogStrings", "path": ["monitoring", "c250b956", "traceback"], "values": [{"value": "An uncaught exception occurred while run was active on worker DESKTOP-3ELLJST.", "step": null, "ts": 1690443999.4642675}, {"value": "Marking run as failed", "step": null, "ts": 1690443999.4642675}, {"value": "Traceback:", "step": null, "ts": 1690443999.4642675}, {"value": "  File \"C:\\Users\\offir\\repos\\pSTS_through_unsupervised_learning\\trainning_script.py\", line 155, in <module>\n    main()\n", "step": null, "ts": 1690443999.4642675}, {"value": "  File \"C:\\Users\\offir\\repos\\pSTS_through_unsupervised_learning\\trainning_script.py\", line 151, in main\n    run_train(video_encoder, video_dataset, video_dataset, batch_size)\n", "step": null, "ts": 1690443999.4642675}, {"value": "  File \"C:\\Users\\offir\\repos\\pSTS_through_unsupervised_learning\\trainning_script.py\", line 89, in run_train\n    trainer.train(2, True)\n", "step": null, "ts": 1690443999.4642675}, {"value": "  File \"C:\\Users\\offir\\repos\\pSTS_through_unsupervised_learning\\training\\Trainer.py\", line 199, in train\n    avg_loss = self._run_epoch(epoch + 1)\n", "step": null, "ts": 1690443999.4642675}, {"value": "  File \"C:\\Users\\offir\\repos\\pSTS_through_unsupervised_learning\\training\\Trainer.py\", line 142, in _run_epoch\n    b_sz = len(next(iter(self.train_dataloader))[0])\n", "step": null, "ts": 1690443999.4642675}, {"value": "  File \"C:\\Users\\offir\\anaconda3\\lib\\site-packages\\torch\\utils\\data\\dataloader.py\", line 633, in __next__\n    data = self._next_data()\n", "step": null, "ts": 1690443999.4642675}, {"value": "  File \"C:\\Users\\offir\\anaconda3\\lib\\site-packages\\torch\\utils\\data\\dataloader.py\", line 677, in _next_data\n    data = self._dataset_fetcher.fetch(index)  # may raise StopIteration\n", "step": null, "ts": 1690443999.4642675}]}, "version": 22}
{"obj": {"type": "LogStrings", "path": ["monitoring", "c250b956", "traceback"], "values": [{"value": "  File \"C:\\Users\\offir\\anaconda3\\lib\\site-packages\\torch\\utils\\data\\_utils\\fetch.py\", line 51, in fetch\n    data = [self.dataset[idx] for idx in possibly_batched_index]\n", "step": null, "ts": 1690443999.4642675}, {"value": "  File \"C:\\Users\\offir\\anaconda3\\lib\\site-packages\\torch\\utils\\data\\_utils\\fetch.py\", line 51, in <listcomp>\n    data = [self.dataset[idx] for idx in possibly_batched_index]\n", "step": null, "ts": 1690443999.4642675}, {"value": "  File \"C:\\Users\\offir\\repos\\pSTS_through_unsupervised_learning\\data_processing\\dataset_types.py\", line 95, in __getitem__\n    processed_frames = get_sample_video_frames_interval(paths_to_frames, self.num_frames,\n", "step": null, "ts": 1690443999.4642675}, {"value": "  File \"C:\\Users\\offir\\repos\\pSTS_through_unsupervised_learning\\data_processing\\dataset_types.py\", line 22, in get_sample_video_frames_interval\n    processed_frames = [video_frame_transform(f) for f in frames]\n", "step": null, "ts": 1690443999.4642675}, {"value": "  File \"C:\\Users\\offir\\repos\\pSTS_through_unsupervised_learning\\data_processing\\dataset_types.py\", line 22, in <listcomp>\n    processed_frames = [video_frame_transform(f) for f in frames]\n", "step": null, "ts": 1690443999.4642675}, {"value": "  File \"C:\\Users\\offir\\anaconda3\\lib\\site-packages\\torchvision\\transforms\\transforms.py\", line 95, in __call__\n    img = t(img)\n", "step": null, "ts": 1690443999.4642675}, {"value": "  File \"C:\\Users\\offir\\anaconda3\\lib\\site-packages\\torch\\nn\\modules\\module.py\", line 1501, in _call_impl\n    return forward_call(*args, **kwargs)\n", "step": null, "ts": 1690443999.4642675}, {"value": "  File \"C:\\Users\\offir\\anaconda3\\lib\\site-packages\\torchvision\\transforms\\transforms.py\", line 361, in forward\n    return F.resize(img, self.size, self.interpolation, self.max_size, self.antialias)\n", "step": null, "ts": 1690443999.4642675}, {"value": "  File \"C:\\Users\\offir\\anaconda3\\lib\\site-packages\\torchvision\\transforms\\functional.py\", line 490, in resize\n    return F_pil.resize(img, size=output_size, interpolation=pil_interpolation)\n", "step": null, "ts": 1690443999.4642675}, {"value": "  File \"C:\\Users\\offir\\anaconda3\\lib\\site-packages\\torchvision\\transforms\\_functional_pil.py\", line 250, in resize\n    return img.resize(tuple(size[::-1]), interpolation)\n", "step": null, "ts": 1690443999.4642675}]}, "version": 23}
{"obj": {"type": "LogStrings", "path": ["monitoring", "c250b956", "traceback"], "values": [{"value": "  File \"C:\\Users\\offir\\anaconda3\\lib\\site-packages\\PIL\\Image.py\", line 2046, in resize\n    self.load()\n", "step": null, "ts": 1690443999.4642675}, {"value": "  File \"C:\\Users\\offir\\anaconda3\\lib\\site-packages\\PIL\\ImageFile.py\", line 257, in load\n    n, err_code = decoder.decode(b)\n", "step": null, "ts": 1690443999.4642675}, {"value": "", "step": null, "ts": 1690443999.4642675}]}, "version": 24}
{"obj": {"type": "AssignBool", "path": ["sys", "failed"], "value": true}, "version": 25}
{"obj": {"type": "LogStrings", "path": ["monitoring", "c250b956", "stderr"], "values": [{"value": "Traceback (most recent call last):\n", "step": null, "ts": 1690443999.465173}]}, "version": 26}
{"obj": {"type": "LogStrings", "path": ["monitoring", "c250b956", "stderr"], "values": [{"value": "  File \"C:\\Users\\offir\\repos\\pSTS_through_unsupervised_learning\\trainning_script.py\", line 155, in <module>\n", "step": null, "ts": 1690443999.465173}]}, "version": 27}
{"obj": {"type": "LogStrings", "path": ["monitoring", "c250b956", "stderr"], "values": [{"value": "    ", "step": null, "ts": 1690443999.465173}]}, "version": 28}
{"obj": {"type": "LogStrings", "path": ["monitoring", "c250b956", "stderr"], "values": [{"value": "main()", "step": null, "ts": 1690443999.4661696}]}, "version": 29}
{"obj": {"type": "LogStrings", "path": ["monitoring", "c250b956", "stderr"], "values": [{"value": "\n", "step": null, "ts": 1690443999.4661696}]}, "version": 30}
{"obj": {"type": "LogStrings", "path": ["monitoring", "c250b956", "stderr"], "values": [{"value": "  File \"C:\\Users\\offir\\repos\\pSTS_through_unsupervised_learning\\trainning_script.py\", line 151, in main\n", "step": null, "ts": 1690443999.4661696}]}, "version": 31}
{"obj": {"type": "LogStrings", "path": ["monitoring", "c250b956", "stderr"], "values": [{"value": "    ", "step": null, "ts": 1690443999.4661696}]}, "version": 32}
{"obj": {"type": "LogStrings", "path": ["monitoring", "c250b956", "stderr"], "values": [{"value": "run_train(video_encoder, video_dataset, video_dataset, batch_size)", "step": null, "ts": 1690443999.4661696}]}, "version": 33}
{"obj": {"type": "LogStrings", "path": ["monitoring", "c250b956", "stderr"], "values": [{"value": "\n", "step": null, "ts": 1690443999.4661696}]}, "version": 34}
{"obj": {"type": "LogStrings", "path": ["monitoring", "c250b956", "stderr"], "values": [{"value": "  File \"C:\\Users\\offir\\repos\\pSTS_through_unsupervised_learning\\trainning_script.py\", line 89, in run_train\n", "step": null, "ts": 1690443999.4661696}]}, "version": 35}
{"obj": {"type": "LogStrings", "path": ["monitoring", "c250b956", "stderr"], "values": [{"value": "    ", "step": null, "ts": 1690443999.4661696}]}, "version": 36}
{"obj": {"type": "LogStrings", "path": ["monitoring", "c250b956", "stderr"], "values": [{"value": "trainer.train(2, True)", "step": null, "ts": 1690443999.4671674}]}, "version": 37}
{"obj": {"type": "LogStrings", "path": ["monitoring", "c250b956", "stderr"], "values": [{"value": "\n", "step": null, "ts": 1690443999.4671674}]}, "version": 38}
{"obj": {"type": "LogStrings", "path": ["monitoring", "c250b956", "stderr"], "values": [{"value": "  File \"C:\\Users\\offir\\repos\\pSTS_through_unsupervised_learning\\training\\Trainer.py\", line 199, in train\n", "step": null, "ts": 1690443999.4671674}]}, "version": 39}
{"obj": {"type": "LogStrings", "path": ["monitoring", "c250b956", "stderr"], "values": [{"value": "    ", "step": null, "ts": 1690443999.4671674}]}, "version": 40}
{"obj": {"type": "LogStrings", "path": ["monitoring", "c250b956", "stderr"], "values": [{"value": "avg_loss = self._run_epoch(epoch + 1)", "step": null, "ts": 1690443999.4671674}]}, "version": 41}
{"obj": {"type": "LogStrings", "path": ["monitoring", "c250b956", "stderr"], "values": [{"value": "\n", "step": null, "ts": 1690443999.4671674}]}, "version": 42}
{"obj": {"type": "LogStrings", "path": ["monitoring", "c250b956", "stderr"], "values": [{"value": "  File \"C:\\Users\\offir\\repos\\pSTS_through_unsupervised_learning\\training\\Trainer.py\", line 142, in _run_epoch\n", "step": null, "ts": 1690443999.4671674}]}, "version": 43}
{"obj": {"type": "LogStrings", "path": ["monitoring", "c250b956", "stderr"], "values": [{"value": "    ", "step": null, "ts": 1690443999.4671674}]}, "version": 44}
{"obj": {"type": "LogStrings", "path": ["monitoring", "c250b956", "stderr"], "values": [{"value": "b_sz = len(next(iter(self.train_dataloader))[0])", "step": null, "ts": 1690443999.4671674}]}, "version": 45}
{"obj": {"type": "LogStrings", "path": ["monitoring", "c250b956", "stderr"], "values": [{"value": "\n", "step": null, "ts": 1690443999.4681644}]}, "version": 46}
{"obj": {"type": "LogStrings", "path": ["monitoring", "c250b956", "stderr"], "values": [{"value": "  File \"C:\\Users\\offir\\anaconda3\\lib\\site-packages\\torch\\utils\\data\\dataloader.py\", line 633, in __next__\n", "step": null, "ts": 1690443999.4681644}]}, "version": 47}
{"obj": {"type": "LogStrings", "path": ["monitoring", "c250b956", "stderr"], "values": [{"value": "    ", "step": null, "ts": 1690443999.4681644}]}, "version": 48}
{"obj": {"type": "LogStrings", "path": ["monitoring", "c250b956", "stderr"], "values": [{"value": "data = self._next_data()", "step": null, "ts": 1690443999.4681644}]}, "version": 49}
{"obj": {"type": "LogStrings", "path": ["monitoring", "c250b956", "stderr"], "values": [{"value": "\n", "step": null, "ts": 1690443999.4681644}]}, "version": 50}
{"obj": {"type": "LogStrings", "path": ["monitoring", "c250b956", "stderr"], "values": [{"value": "  File \"C:\\Users\\offir\\anaconda3\\lib\\site-packages\\torch\\utils\\data\\dataloader.py\", line 677, in _next_data\n", "step": null, "ts": 1690443999.4681644}]}, "version": 51}
{"obj": {"type": "LogStrings", "path": ["monitoring", "c250b956", "stderr"], "values": [{"value": "    ", "step": null, "ts": 1690443999.4681644}]}, "version": 52}
{"obj": {"type": "LogStrings", "path": ["monitoring", "c250b956", "stderr"], "values": [{"value": "data = self._dataset_fetcher.fetch(index)  # may raise StopIteration", "step": null, "ts": 1690443999.4681644}]}, "version": 53}
{"obj": {"type": "LogStrings", "path": ["monitoring", "c250b956", "stderr"], "values": [{"value": "\n", "step": null, "ts": 1690443999.4692197}]}, "version": 54}
{"obj": {"type": "LogStrings", "path": ["monitoring", "c250b956", "stderr"], "values": [{"value": "  File \"C:\\Users\\offir\\anaconda3\\lib\\site-packages\\torch\\utils\\data\\_utils\\fetch.py\", line 51, in fetch\n", "step": null, "ts": 1690443999.4692197}]}, "version": 55}
{"obj": {"type": "LogStrings", "path": ["monitoring", "c250b956", "stderr"], "values": [{"value": "    ", "step": null, "ts": 1690443999.4692197}]}, "version": 56}
{"obj": {"type": "LogStrings", "path": ["monitoring", "c250b956", "stderr"], "values": [{"value": "data = [self.dataset[idx] for idx in possibly_batched_index]", "step": null, "ts": 1690443999.4692197}]}, "version": 57}
{"obj": {"type": "LogStrings", "path": ["monitoring", "c250b956", "stderr"], "values": [{"value": "\n", "step": null, "ts": 1690443999.4692197}]}, "version": 58}
{"obj": {"type": "LogStrings", "path": ["monitoring", "c250b956", "stderr"], "values": [{"value": "  File \"C:\\Users\\offir\\anaconda3\\lib\\site-packages\\torch\\utils\\data\\_utils\\fetch.py\", line 51, in <listcomp>\n", "step": null, "ts": 1690443999.4692197}]}, "version": 59}
{"obj": {"type": "LogStrings", "path": ["monitoring", "c250b956", "stderr"], "values": [{"value": "    ", "step": null, "ts": 1690443999.4692197}]}, "version": 60}
{"obj": {"type": "LogStrings", "path": ["monitoring", "c250b956", "stderr"], "values": [{"value": "data = [self.dataset[idx] for idx in possibly_batched_index]", "step": null, "ts": 1690443999.4692197}]}, "version": 61}
{"obj": {"type": "LogStrings", "path": ["monitoring", "c250b956", "stderr"], "values": [{"value": "\n", "step": null, "ts": 1690443999.4701598}]}, "version": 62}
{"obj": {"type": "LogStrings", "path": ["monitoring", "c250b956", "stderr"], "values": [{"value": "  File \"C:\\Users\\offir\\repos\\pSTS_through_unsupervised_learning\\data_processing\\dataset_types.py\", line 95, in __getitem__\n", "step": null, "ts": 1690443999.4702969}]}, "version": 63}
{"obj": {"type": "LogStrings", "path": ["monitoring", "c250b956", "stderr"], "values": [{"value": "    ", "step": null, "ts": 1690443999.4702969}]}, "version": 64}
{"obj": {"type": "LogStrings", "path": ["monitoring", "c250b956", "stderr"], "values": [{"value": "processed_frames = get_sample_video_frames_interval(paths_to_frames, self.num_frames,", "step": null, "ts": 1690443999.4702969}]}, "version": 65}
{"obj": {"type": "LogStrings", "path": ["monitoring", "c250b956", "stderr"], "values": [{"value": "\n", "step": null, "ts": 1690443999.4702969}]}, "version": 66}
{"obj": {"type": "LogStrings", "path": ["monitoring", "c250b956", "stderr"], "values": [{"value": "  File \"C:\\Users\\offir\\repos\\pSTS_through_unsupervised_learning\\data_processing\\dataset_types.py\", line 22, in get_sample_video_frames_interval\n", "step": null, "ts": 1690443999.4702969}]}, "version": 67}
{"obj": {"type": "LogStrings", "path": ["monitoring", "c250b956", "stderr"], "values": [{"value": "    ", "step": null, "ts": 1690443999.4702969}]}, "version": 68}
{"obj": {"type": "LogStrings", "path": ["monitoring", "c250b956", "stderr"], "values": [{"value": "processed_frames = [video_frame_transform(f) for f in frames]", "step": null, "ts": 1690443999.4702969}]}, "version": 69}
{"obj": {"type": "LogStrings", "path": ["monitoring", "c250b956", "stderr"], "values": [{"value": "\n", "step": null, "ts": 1690443999.4702969}]}, "version": 70}
{"obj": {"type": "LogStrings", "path": ["monitoring", "c250b956", "stderr"], "values": [{"value": "  File \"C:\\Users\\offir\\repos\\pSTS_through_unsupervised_learning\\data_processing\\dataset_types.py\", line 22, in <listcomp>\n", "step": null, "ts": 1690443999.4702969}]}, "version": 71}
{"obj": {"type": "LogStrings", "path": ["monitoring", "c250b956", "stderr"], "values": [{"value": "    ", "step": null, "ts": 1690443999.471157}]}, "version": 72}
{"obj": {"type": "LogStrings", "path": ["monitoring", "c250b956", "stderr"], "values": [{"value": "processed_frames = [video_frame_transform(f) for f in frames]", "step": null, "ts": 1690443999.471157}]}, "version": 73}
{"obj": {"type": "LogStrings", "path": ["monitoring", "c250b956", "stderr"], "values": [{"value": "\n", "step": null, "ts": 1690443999.471157}]}, "version": 74}
{"obj": {"type": "LogStrings", "path": ["monitoring", "c250b956", "stderr"], "values": [{"value": "  File \"C:\\Users\\offir\\anaconda3\\lib\\site-packages\\torchvision\\transforms\\transforms.py\", line 95, in __call__\n", "step": null, "ts": 1690443999.471157}]}, "version": 75}
{"obj": {"type": "LogStrings", "path": ["monitoring", "c250b956", "stderr"], "values": [{"value": "    ", "step": null, "ts": 1690443999.471157}]}, "version": 76}
{"obj": {"type": "LogStrings", "path": ["monitoring", "c250b956", "stderr"], "values": [{"value": "img = t(img)", "step": null, "ts": 1690443999.4721549}]}, "version": 77}
{"obj": {"type": "LogStrings", "path": ["monitoring", "c250b956", "stderr"], "values": [{"value": "\n", "step": null, "ts": 1690443999.4721549}]}, "version": 78}
{"obj": {"type": "LogStrings", "path": ["monitoring", "c250b956", "stderr"], "values": [{"value": "  File \"C:\\Users\\offir\\anaconda3\\lib\\site-packages\\torch\\nn\\modules\\module.py\", line 1501, in _call_impl\n", "step": null, "ts": 1690443999.4721549}]}, "version": 79}
{"obj": {"type": "LogStrings", "path": ["monitoring", "c250b956", "stderr"], "values": [{"value": "    ", "step": null, "ts": 1690443999.4721549}]}, "version": 80}
{"obj": {"type": "LogStrings", "path": ["monitoring", "c250b956", "stderr"], "values": [{"value": "return forward_call(*args, **kwargs)", "step": null, "ts": 1690443999.4721549}]}, "version": 81}
{"obj": {"type": "LogStrings", "path": ["monitoring", "c250b956", "stderr"], "values": [{"value": "\n", "step": null, "ts": 1690443999.4721549}]}, "version": 82}
{"obj": {"type": "LogStrings", "path": ["monitoring", "c250b956", "stderr"], "values": [{"value": "  File \"C:\\Users\\offir\\anaconda3\\lib\\site-packages\\torchvision\\transforms\\transforms.py\", line 361, in forward\n", "step": null, "ts": 1690443999.4721549}]}, "version": 83}
{"obj": {"type": "LogStrings", "path": ["monitoring", "c250b956", "stderr"], "values": [{"value": "    ", "step": null, "ts": 1690443999.4721549}]}, "version": 84}
{"obj": {"type": "LogStrings", "path": ["monitoring", "c250b956", "stderr"], "values": [{"value": "return F.resize(img, self.size, self.interpolation, self.max_size, self.antialias)", "step": null, "ts": 1690443999.4731522}]}, "version": 85}
{"obj": {"type": "LogStrings", "path": ["monitoring", "c250b956", "stderr"], "values": [{"value": "\n", "step": null, "ts": 1690443999.4731522}]}, "version": 86}
{"obj": {"type": "LogStrings", "path": ["monitoring", "c250b956", "stderr"], "values": [{"value": "  File \"C:\\Users\\offir\\anaconda3\\lib\\site-packages\\torchvision\\transforms\\functional.py\", line 490, in resize\n", "step": null, "ts": 1690443999.4731522}]}, "version": 87}
{"obj": {"type": "LogStrings", "path": ["monitoring", "c250b956", "stderr"], "values": [{"value": "    ", "step": null, "ts": 1690443999.4731522}]}, "version": 88}
{"obj": {"type": "LogStrings", "path": ["monitoring", "c250b956", "stderr"], "values": [{"value": "return F_pil.resize(img, size=output_size, interpolation=pil_interpolation)", "step": null, "ts": 1690443999.4731522}]}, "version": 89}
{"obj": {"type": "LogStrings", "path": ["monitoring", "c250b956", "stderr"], "values": [{"value": "\n", "step": null, "ts": 1690443999.4731522}]}, "version": 90}
{"obj": {"type": "LogStrings", "path": ["monitoring", "c250b956", "stderr"], "values": [{"value": "  File \"C:\\Users\\offir\\anaconda3\\lib\\site-packages\\torchvision\\transforms\\_functional_pil.py\", line 250, in resize\n", "step": null, "ts": 1690443999.4731522}]}, "version": 91}
{"obj": {"type": "LogStrings", "path": ["monitoring", "c250b956", "stderr"], "values": [{"value": "    ", "step": null, "ts": 1690443999.4731522}]}, "version": 92}
{"obj": {"type": "LogStrings", "path": ["monitoring", "c250b956", "stderr"], "values": [{"value": "return img.resize(tuple(size[::-1]), interpolation)", "step": null, "ts": 1690443999.4741485}]}, "version": 93}
{"obj": {"type": "LogStrings", "path": ["monitoring", "c250b956", "stderr"], "values": [{"value": "\n", "step": null, "ts": 1690443999.4741485}]}, "version": 94}
{"obj": {"type": "LogStrings", "path": ["monitoring", "c250b956", "stderr"], "values": [{"value": "  File \"C:\\Users\\offir\\anaconda3\\lib\\site-packages\\PIL\\Image.py\", line 2046, in resize\n", "step": null, "ts": 1690443999.4741485}]}, "version": 95}
{"obj": {"type": "LogStrings", "path": ["monitoring", "c250b956", "stderr"], "values": [{"value": "    ", "step": null, "ts": 1690443999.4741485}]}, "version": 96}
{"obj": {"type": "LogStrings", "path": ["monitoring", "c250b956", "stderr"], "values": [{"value": "self.load()", "step": null, "ts": 1690443999.4741485}]}, "version": 97}
{"obj": {"type": "LogStrings", "path": ["monitoring", "c250b956", "stderr"], "values": [{"value": "\n", "step": null, "ts": 1690443999.4741485}]}, "version": 98}
{"obj": {"type": "LogStrings", "path": ["monitoring", "c250b956", "stderr"], "values": [{"value": "  File \"C:\\Users\\offir\\anaconda3\\lib\\site-packages\\PIL\\ImageFile.py\", line 257, in load\n", "step": null, "ts": 1690443999.4741485}]}, "version": 99}
{"obj": {"type": "LogStrings", "path": ["monitoring", "c250b956", "stderr"], "values": [{"value": "    ", "step": null, "ts": 1690443999.4751458}]}, "version": 100}
{"obj": {"type": "LogStrings", "path": ["monitoring", "c250b956", "stdout"], "values": [{"value": "Shutting down background jobs, please wait a moment...\n", "step": null, "ts": 1690443999.4751458}]}, "version": 101}
{"obj": {"type": "LogStrings", "path": ["monitoring", "c250b956", "stderr"], "values": [{"value": "n, err_code = decoder.decode(b)", "step": null, "ts": 1690443999.4751458}]}, "version": 102}
{"obj": {"type": "LogStrings", "path": ["monitoring", "c250b956", "stderr"], "values": [{"value": "\n", "step": null, "ts": 1690443999.4751458}]}, "version": 103}
{"obj": {"type": "LogStrings", "path": ["monitoring", "c250b956", "stderr"], "values": [{"value": "KeyboardInterrupt", "step": null, "ts": 1690443999.4751458}]}, "version": 104}
{"obj": {"type": "LogStrings", "path": ["monitoring", "c250b956", "stderr"], "values": [{"value": "", "step": null, "ts": 1690443999.4751458}]}, "version": 105}
{"obj": {"type": "LogStrings", "path": ["monitoring", "c250b956", "stderr"], "values": [{"value": "\n", "step": null, "ts": 1690443999.4762037}]}, "version": 106}
