{"obj": {"type": "AssignString", "path": ["sys", "name"], "value": "Untitled"}, "version": 1}
{"obj": {"type": "AssignString", "path": ["sys", "description"], "value": ""}, "version": 2}
{"obj": {"type": "AssignString", "path": ["monitoring", "a0ec84c6", "hostname"], "value": "DESKTOP-3ELLJST"}, "version": 3}
{"obj": {"type": "AssignString", "path": ["sys", "hostname"], "value": "DESKTOP-3ELLJST"}, "version": 4}
{"obj": {"type": "AssignString", "path": ["monitoring", "a0ec84c6", "pid"], "value": "26720"}, "version": 5}
{"obj": {"type": "AssignString", "path": ["monitoring", "a0ec84c6", "tid"], "value": "19612"}, "version": 6}
{"obj": {"type": "AssignBool", "path": ["sys", "failed"], "value": false}, "version": 7}
{"obj": {"type": "ClearStringLog", "path": ["monitoring", "a0ec84c6", "stdout"]}, "version": 8}
{"obj": {"type": "ClearStringLog", "path": ["monitoring", "a0ec84c6", "stderr"]}, "version": 9}
{"obj": {"type": "AssignString", "path": ["source_code", "entrypoint"], "value": "trainning_script.py"}, "version": 10}
{"obj": {"type": "UploadFileSet", "path": ["source_code", "files"], "file_globs": ["C:\\Users\\offir\\repos\\pSTS_through_unsupervised_learning\\trainning_script.py"], "reset": "False"}, "version": 11}
{"obj": {"type": "UploadFile", "path": ["source_code", "diff"], "ext": "patch", "file_path": null, "tmp_file_name": "source_code_diff-1690444047.804868-2023-07-27_10.47.27.804868.patch", "clean_after_upload": false}, "version": 12}
{"obj": {"type": "LogStrings", "path": ["monitoring", "a0ec84c6", "stderr"], "values": [{"value": "Info (NVML): NVML Shared Library Not Found. GPU usage metrics may not be reported. For more information, see https://docs.neptune.ai/help/nvml_error/\n", "step": null, "ts": 1690444047.8159406}]}, "version": 13}
{"obj": {"type": "ConfigFloatSeries", "path": ["monitoring", "a0ec84c6", "cpu"], "min": 0.0, "max": 100.0, "unit": "%"}, "version": 14}
{"obj": {"type": "ClearFloatLog", "path": ["monitoring", "a0ec84c6", "cpu"]}, "version": 15}
{"obj": {"type": "ConfigFloatSeries", "path": ["monitoring", "a0ec84c6", "memory"], "min": 0.0, "max": 7.789279937744141, "unit": "GB"}, "version": 16}
{"obj": {"type": "ClearFloatLog", "path": ["monitoring", "a0ec84c6", "memory"]}, "version": 17}
{"obj": {"type": "LogFloats", "path": ["monitoring", "a0ec84c6", "cpu"], "values": [{"value": 25.9, "step": null, "ts": 1690444047.8179693}]}, "version": 18}
{"obj": {"type": "LogFloats", "path": ["monitoring", "a0ec84c6", "memory"], "values": [{"value": 7.134761810302734, "step": null, "ts": 1690444047.8179693}]}, "version": 19}
{"obj": {"type": "LogStrings", "path": ["monitoring", "a0ec84c6", "stdout"], "values": [{"value": "EPOCH 1:", "step": null, "ts": 1690444047.8279808}]}, "version": 20}
{"obj": {"type": "LogStrings", "path": ["monitoring", "a0ec84c6", "stdout"], "values": [{"value": "\n", "step": null, "ts": 1690444047.8279808}]}, "version": 21}
{"obj": {"type": "LogStrings", "path": ["monitoring", "a0ec84c6", "stdout"], "values": [{"value": "[GPU0] Epoch 1 | Batchsize: 16 | Steps: 3", "step": null, "ts": 1690444049.0514648}]}, "version": 22}
{"obj": {"type": "LogStrings", "path": ["monitoring", "a0ec84c6", "stdout"], "values": [{"value": "\n", "step": null, "ts": 1690444049.0516653}]}, "version": 23}
{"obj": {"type": "LogStrings", "path": ["monitoring", "a0ec84c6", "stdout"], "values": [{"value": "Parameter containing:\ntensor([[[ 0.8937,  1.1867,  1.2520,  ..., -0.1455, -1.1538, -0.0535],\n         [-0.1977, -2.0338, -0.5252,  ..., -0.7576, -0.4324,  0.9405],\n         [-1.9139, -0.2628,  0.2770,  ..., -1.6242, -1.1678,  0.1955],\n         ...,\n         [-0.4716,  0.4906, -0.0049,  ..., -2.0899, -0.0869,  0.8717],\n         [-1.3868, -0.8517,  1.6616,  ...,  0.9848, -0.2203, -1.4441],\n         [-0.1650,  0.5602, -0.0527,  ..., -1.8537, -1.7713,  0.5280]],\n\n        [[ 0.2610, -0.0523, -0.8705,  ..., -0.2712, -0.3773,  1.2831],\n         [-1.2925, -0.8194,  1.8492,  ..., -0.6041,  0.2986, -1.3156],\n         [ 0.1586,  0.7176, -0.9790,  ..., -2.4212,  1.4582,  0.4433],\n         ...,\n         [-0.7710,  0.4220,  0.5586,  ...,  0.6765,  1.1102, -0.2616],\n         [ 0.8273,  0.0410,  0.6990,  ...,  0.2935,  0.2474,  1.6400],\n         [-0.4653,  1.2672,  0.6440,  ...,  0.0217,  0.9883,  1.4865]],\n\n        [[ 0.0454, -0.1510, -2.6864,  ...,  1.8915,  0.7392,  1.1355],\n         [ 0.6093, -0.1", "step": null, "ts": 1690444050.0954728}]}, "version": 24}
{"obj": {"type": "LogStrings", "path": ["monitoring", "a0ec84c6", "stdout"], "values": [{"value": "\n", "step": null, "ts": 1690444050.0964694}]}, "version": 25}
{"obj": {"type": "LogStrings", "path": ["monitoring", "a0ec84c6", "stdout"], "values": [{"value": "Warning: string series 'monitoring/a0ec84c6/stdout' value was longer than 1000 characters and was truncated. This warning is printed only once per series.\n", "step": null, "ts": 1690444050.0964694}]}, "version": 26}
{"obj": {"type": "LogStrings", "path": ["monitoring", "a0ec84c6", "stdout"], "values": [{"value": "torch.Size([3, 224, 224])", "step": null, "ts": 1690444050.0964694}]}, "version": 27}
{"obj": {"type": "LogStrings", "path": ["monitoring", "a0ec84c6", "stdout"], "values": [{"value": "\n", "step": null, "ts": 1690444050.0964694}]}, "version": 28}
{"obj": {"type": "LogStrings", "path": ["monitoring", "a0ec84c6", "stdout"], "values": [{"value": "tensor([[[[[ 0.8937,  1.1867,  1.2520,  ..., -0.1455, -1.1538, -0.0535],\n           [-0.1977, -2.0338, -0.5252,  ..., -0.7576, -0.4324,  0.9405],\n           [-1.9139, -0.2628,  0.2770,  ..., -1.6242, -1.1678,  0.1955],\n           ...,\n           [-0.4716,  0.4906, -0.0049,  ..., -2.0899, -0.0869,  0.8717],\n           [-1.3868, -0.8517,  1.6616,  ...,  0.9848, -0.2203, -1.4441],\n           [-0.1650,  0.5602, -0.0527,  ..., -1.8537, -1.7713,  0.5280]],\n\n          [[ 0.2610, -0.0523, -0.8705,  ..., -0.2712, -0.3773,  1.2831],\n           [-1.2925, -0.8194,  1.8492,  ..., -0.6041,  0.2986, -1.3156],\n           [ 0.1586,  0.7176, -0.9790,  ..., -2.4212,  1.4582,  0.4433],\n           ...,\n           [-0.7710,  0.4220,  0.5586,  ...,  0.6765,  1.1102, -0.2616],\n           [ 0.8273,  0.0410,  0.6990,  ...,  0.2935,  0.2474,  1.6400],\n           [-0.4653,  1.2672,  0.6440,  ...,  0.0217,  0.9883,  1.4865]],\n\n          [[ 0.0454, -0.1510, -2.6864,  ...,  1.8915,  0.7392,  1.1355],\n           [ 0.", "step": null, "ts": 1690444050.113567}]}, "version": 29}
{"obj": {"type": "LogStrings", "path": ["monitoring", "a0ec84c6", "stdout"], "values": [{"value": "\n", "step": null, "ts": 1690444050.113567}]}, "version": 30}
{"obj": {"type": "LogStrings", "path": ["monitoring", "a0ec84c6", "stdout"], "values": [{"value": "torch.Size([16, 1, 3, 224, 224])", "step": null, "ts": 1690444050.113567}]}, "version": 31}
{"obj": {"type": "LogStrings", "path": ["monitoring", "a0ec84c6", "stdout"], "values": [{"value": "\n", "step": null, "ts": 1690444050.113567}]}, "version": 32}
{"obj": {"type": "LogFloats", "path": ["monitoring", "a0ec84c6", "cpu"], "values": [{"value": 66.2, "step": null, "ts": 1690444057.8418632}]}, "version": 33}
{"obj": {"type": "LogFloats", "path": ["monitoring", "a0ec84c6", "memory"], "values": [{"value": 7.6416473388671875, "step": null, "ts": 1690444057.8418632}]}, "version": 34}
{"obj": {"type": "LogFloats", "path": ["monitoring", "a0ec84c6", "cpu"], "values": [{"value": 45.4, "step": null, "ts": 1690444068.0089915}]}, "version": 35}
{"obj": {"type": "LogFloats", "path": ["monitoring", "a0ec84c6", "memory"], "values": [{"value": 7.4118499755859375, "step": null, "ts": 1690444068.0089915}]}, "version": 36}
{"obj": {"type": "LogFloats", "path": ["monitoring", "a0ec84c6", "cpu"], "values": [{"value": 34.0, "step": null, "ts": 1690444079.5314848}]}, "version": 37}
{"obj": {"type": "LogFloats", "path": ["monitoring", "a0ec84c6", "memory"], "values": [{"value": 7.2495269775390625, "step": null, "ts": 1690444079.5314848}]}, "version": 38}
{"obj": {"type": "LogFloats", "path": ["monitoring", "a0ec84c6", "cpu"], "values": [{"value": 47.2, "step": null, "ts": 1690444090.340007}]}, "version": 39}
{"obj": {"type": "LogFloats", "path": ["monitoring", "a0ec84c6", "memory"], "values": [{"value": 7.39019775390625, "step": null, "ts": 1690444090.340007}]}, "version": 40}
