{"obj": {"type": "AssignString", "path": ["sys", "name"], "value": "Untitled"}, "version": 1}
{"obj": {"type": "AssignString", "path": ["sys", "description"], "value": ""}, "version": 2}
{"obj": {"type": "AssignString", "path": ["monitoring", "d2f022d0", "hostname"], "value": "DESKTOP-UR81RKP"}, "version": 3}
{"obj": {"type": "AssignString", "path": ["sys", "hostname"], "value": "DESKTOP-UR81RKP"}, "version": 4}
{"obj": {"type": "AssignString", "path": ["monitoring", "d2f022d0", "pid"], "value": "22824"}, "version": 5}
{"obj": {"type": "AssignString", "path": ["monitoring", "d2f022d0", "tid"], "value": "25316"}, "version": 6}
{"obj": {"type": "AssignBool", "path": ["sys", "failed"], "value": false}, "version": 7}
{"obj": {"type": "ClearStringLog", "path": ["monitoring", "d2f022d0", "stdout"]}, "version": 8}
{"obj": {"type": "ClearStringLog", "path": ["monitoring", "d2f022d0", "stderr"]}, "version": 9}
{"obj": {"type": "AssignString", "path": ["source_code", "entrypoint"], "value": "trainning_script.py"}, "version": 10}
{"obj": {"type": "UploadFileSet", "path": ["source_code", "files"], "file_globs": ["C:\\Users\\AVIV\\Roie\\Galit_Project\\pSTS_through_unsupervised_learning\\trainning_script.py"], "reset": "False"}, "version": 11}
{"obj": {"type": "LogStrings", "path": ["monitoring", "d2f022d0", "stderr"], "values": [{"value": "Info (NVML): NVML Shared Library Not Found. GPU usage metrics may not be reported. For more information, see https://docs.neptune.ai/help/nvml_error/\n", "step": null, "ts": 1690179508.439853}]}, "version": 12}
{"obj": {"type": "ConfigFloatSeries", "path": ["monitoring", "d2f022d0", "cpu"], "min": 0.0, "max": 100.0, "unit": "%"}, "version": 13}
{"obj": {"type": "ClearFloatLog", "path": ["monitoring", "d2f022d0", "cpu"]}, "version": 14}
{"obj": {"type": "ConfigFloatSeries", "path": ["monitoring", "d2f022d0", "memory"], "min": 0.0, "max": 7.845066070556641, "unit": "GB"}, "version": 15}
{"obj": {"type": "ClearFloatLog", "path": ["monitoring", "d2f022d0", "memory"]}, "version": 16}
{"obj": {"type": "LogFloats", "path": ["monitoring", "d2f022d0", "cpu"], "values": [{"value": 8.4, "step": null, "ts": 1690179508.4408503}]}, "version": 17}
{"obj": {"type": "LogFloats", "path": ["monitoring", "d2f022d0", "memory"], "values": [{"value": 6.034023284912109, "step": null, "ts": 1690179508.4408503}]}, "version": 18}
{"obj": {"type": "LogStrings", "path": ["monitoring", "d2f022d0", "stdout"], "values": [{"value": "EPOCH 1:", "step": null, "ts": 1690179508.4538136}]}, "version": 19}
{"obj": {"type": "LogStrings", "path": ["monitoring", "d2f022d0", "stdout"], "values": [{"value": "\n", "step": null, "ts": 1690179508.4538136}]}, "version": 20}
{"obj": {"type": "LogStrings", "path": ["monitoring", "d2f022d0", "stdout"], "values": [{"value": "[GPU0] Epoch 1 | Batchsize: 16 | Steps: 10", "step": null, "ts": 1690179510.9503388}]}, "version": 21}
{"obj": {"type": "LogStrings", "path": ["monitoring", "d2f022d0", "stdout"], "values": [{"value": "\n", "step": null, "ts": 1690179510.9514458}]}, "version": 22}
{"obj": {"type": "LogFloats", "path": ["monitoring", "d2f022d0", "cpu"], "values": [{"value": 36.6, "step": null, "ts": 1690179518.4738126}]}, "version": 23}
{"obj": {"type": "LogFloats", "path": ["monitoring", "d2f022d0", "memory"], "values": [{"value": 7.348979949951172, "step": null, "ts": 1690179518.4738126}]}, "version": 24}
{"obj": {"type": "LogFloats", "path": ["monitoring", "d2f022d0", "cpu"], "values": [{"value": 78.0, "step": null, "ts": 1690179528.654271}]}, "version": 25}
{"obj": {"type": "LogFloats", "path": ["monitoring", "d2f022d0", "memory"], "values": [{"value": 7.564693450927734, "step": null, "ts": 1690179528.654271}]}, "version": 26}
{"obj": {"type": "LogFloats", "path": ["monitoring", "d2f022d0", "cpu"], "values": [{"value": 86.5, "step": null, "ts": 1690179538.7147846}]}, "version": 27}
{"obj": {"type": "LogFloats", "path": ["monitoring", "d2f022d0", "memory"], "values": [{"value": 7.328437805175781, "step": null, "ts": 1690179538.7147846}]}, "version": 28}
{"obj": {"type": "LogFloats", "path": ["monitoring", "d2f022d0", "cpu"], "values": [{"value": 98.8, "step": null, "ts": 1690179548.7742276}]}, "version": 29}
{"obj": {"type": "LogFloats", "path": ["monitoring", "d2f022d0", "memory"], "values": [{"value": 7.016857147216797, "step": null, "ts": 1690179548.7742276}]}, "version": 30}
{"obj": {"type": "LogFloats", "path": ["monitoring", "d2f022d0", "cpu"], "values": [{"value": 92.3, "step": null, "ts": 1690179558.9204466}]}, "version": 31}
{"obj": {"type": "LogFloats", "path": ["monitoring", "d2f022d0", "memory"], "values": [{"value": 6.8304290771484375, "step": null, "ts": 1690179558.9204466}]}, "version": 32}
{"obj": {"type": "LogFloats", "path": ["monitoring", "d2f022d0", "cpu"], "values": [{"value": 99.9, "step": null, "ts": 1690179569.713699}]}, "version": 33}
{"obj": {"type": "LogFloats", "path": ["monitoring", "d2f022d0", "memory"], "values": [{"value": 7.012550354003906, "step": null, "ts": 1690179569.713699}]}, "version": 34}
{"obj": {"type": "LogFloats", "path": ["monitoring", "d2f022d0", "cpu"], "values": [{"value": 100.0, "step": null, "ts": 1690179579.7311847}]}, "version": 35}
{"obj": {"type": "LogFloats", "path": ["monitoring", "d2f022d0", "memory"], "values": [{"value": 6.9851837158203125, "step": null, "ts": 1690179579.7311847}]}, "version": 36}
{"obj": {"type": "LogFloats", "path": ["monitoring", "d2f022d0", "cpu"], "values": [{"value": 99.9, "step": null, "ts": 1690179589.7887814}]}, "version": 37}
{"obj": {"type": "LogFloats", "path": ["monitoring", "d2f022d0", "memory"], "values": [{"value": 6.798603057861328, "step": null, "ts": 1690179589.7887814}]}, "version": 38}
{"obj": {"type": "LogFloats", "path": ["monitoring", "d2f022d0", "cpu"], "values": [{"value": 100.0, "step": null, "ts": 1690179599.8835516}]}, "version": 39}
{"obj": {"type": "LogFloats", "path": ["monitoring", "d2f022d0", "memory"], "values": [{"value": 6.746883392333984, "step": null, "ts": 1690179599.8835516}]}, "version": 40}
{"obj": {"type": "LogFloats", "path": ["monitoring", "d2f022d0", "cpu"], "values": [{"value": 99.9, "step": null, "ts": 1690179609.9448912}]}, "version": 41}
{"obj": {"type": "LogFloats", "path": ["monitoring", "d2f022d0", "memory"], "values": [{"value": 7.0866851806640625, "step": null, "ts": 1690179609.9448912}]}, "version": 42}
{"obj": {"type": "LogFloats", "path": ["monitoring", "d2f022d0", "cpu"], "values": [{"value": 100.0, "step": null, "ts": 1690179620.351096}]}, "version": 43}
{"obj": {"type": "LogFloats", "path": ["monitoring", "d2f022d0", "memory"], "values": [{"value": 6.957614898681641, "step": null, "ts": 1690179620.351096}]}, "version": 44}
{"obj": {"type": "LogFloats", "path": ["monitoring", "d2f022d0", "cpu"], "values": [{"value": 100.0, "step": null, "ts": 1690179630.5212438}]}, "version": 45}
{"obj": {"type": "LogFloats", "path": ["monitoring", "d2f022d0", "memory"], "values": [{"value": 6.870075225830078, "step": null, "ts": 1690179630.5212438}]}, "version": 46}
{"obj": {"type": "LogFloats", "path": ["monitoring", "d2f022d0", "cpu"], "values": [{"value": 100.0, "step": null, "ts": 1690179640.7996001}]}, "version": 47}
{"obj": {"type": "LogFloats", "path": ["monitoring", "d2f022d0", "memory"], "values": [{"value": 6.935840606689453, "step": null, "ts": 1690179640.7996001}]}, "version": 48}
{"obj": {"type": "LogFloats", "path": ["monitoring", "d2f022d0", "cpu"], "values": [{"value": 61.6, "step": null, "ts": 1690179650.8471026}]}, "version": 49}
{"obj": {"type": "LogFloats", "path": ["monitoring", "d2f022d0", "memory"], "values": [{"value": 6.813663482666016, "step": null, "ts": 1690179650.8471026}]}, "version": 50}
{"obj": {"type": "LogFloats", "path": ["monitoring", "d2f022d0", "cpu"], "values": [{"value": 24.1, "step": null, "ts": 1690179660.884302}]}, "version": 51}
{"obj": {"type": "LogFloats", "path": ["monitoring", "d2f022d0", "memory"], "values": [{"value": 6.306140899658203, "step": null, "ts": 1690179660.884302}]}, "version": 52}
{"obj": {"type": "LogFloats", "path": ["monitoring", "d2f022d0", "cpu"], "values": [{"value": 79.8, "step": null, "ts": 1690179670.9079373}]}, "version": 53}
{"obj": {"type": "LogFloats", "path": ["monitoring", "d2f022d0", "memory"], "values": [{"value": 7.323856353759766, "step": null, "ts": 1690179670.9079373}]}, "version": 54}
{"obj": {"type": "LogFloats", "path": ["monitoring", "d2f022d0", "cpu"], "values": [{"value": 62.7, "step": null, "ts": 1690179681.1015983}]}, "version": 55}
{"obj": {"type": "LogFloats", "path": ["monitoring", "d2f022d0", "memory"], "values": [{"value": 7.753398895263672, "step": null, "ts": 1690179681.1015983}]}, "version": 56}
{"obj": {"type": "LogFloats", "path": ["monitoring", "d2f022d0", "cpu"], "values": [{"value": 71.9, "step": null, "ts": 1690179691.1700287}]}, "version": 57}
{"obj": {"type": "LogFloats", "path": ["monitoring", "d2f022d0", "memory"], "values": [{"value": 7.791507720947266, "step": null, "ts": 1690179691.1700287}]}, "version": 58}
{"obj": {"type": "LogFloats", "path": ["monitoring", "d2f022d0", "cpu"], "values": [{"value": 51.6, "step": null, "ts": 1690179701.2797232}]}, "version": 59}
{"obj": {"type": "LogFloats", "path": ["monitoring", "d2f022d0", "memory"], "values": [{"value": 7.841030120849609, "step": null, "ts": 1690179701.2797232}]}, "version": 60}
{"obj": {"type": "LogFloats", "path": ["monitoring", "d2f022d0", "cpu"], "values": [{"value": 65.2, "step": null, "ts": 1690179711.405841}]}, "version": 61}
{"obj": {"type": "LogFloats", "path": ["monitoring", "d2f022d0", "memory"], "values": [{"value": 7.669574737548828, "step": null, "ts": 1690179711.405841}]}, "version": 62}
{"obj": {"type": "LogFloats", "path": ["monitoring", "d2f022d0", "cpu"], "values": [{"value": 28.5, "step": null, "ts": 1690179721.4515336}]}, "version": 63}
{"obj": {"type": "LogFloats", "path": ["monitoring", "d2f022d0", "memory"], "values": [{"value": 6.8393096923828125, "step": null, "ts": 1690179721.4515336}]}, "version": 64}
{"obj": {"type": "LogFloats", "path": ["monitoring", "d2f022d0", "cpu"], "values": [{"value": 53.4, "step": null, "ts": 1690179731.4790103}]}, "version": 65}
{"obj": {"type": "LogFloats", "path": ["monitoring", "d2f022d0", "memory"], "values": [{"value": 6.555278778076172, "step": null, "ts": 1690179731.4790103}]}, "version": 66}
{"obj": {"type": "LogFloats", "path": ["monitoring", "d2f022d0", "cpu"], "values": [{"value": 35.7, "step": null, "ts": 1690179741.4898107}]}, "version": 67}
{"obj": {"type": "LogFloats", "path": ["monitoring", "d2f022d0", "memory"], "values": [{"value": 6.482028961181641, "step": null, "ts": 1690179741.4898107}]}, "version": 68}
